[yaletown.tech/index.html]
[backblue.gif]
[fade.gif]
[index.html]
[yaletown.tech/vendor/jquery/jquery.min.js]
[yaletown.tech/vendor/bootstrap/js/bootstrap.bundle.min.js]
[yaletown.tech/vendor/jquery-easing/jquery.easing.min.js]
[yaletown.tech/vendor/scrollreveal/scrollreveal.min.js]
[yaletown.tech/js/creative.min.js]
[yaletown.tech/index.html]
[yaletown.tech/vendor/bootstrap/css/bootstrap.min.css]
[yaletown.tech/vendor/font-awesome/fonts/fontawesome-webfont3e6e.eot]
[yaletown.tech/vendor/font-awesome/fonts/fontawesome-webfontd41d.eot]
[yaletown.tech/vendor/font-awesome/fonts/fontawesome-webfont3e6e.woff2]
[yaletown.tech/vendor/font-awesome/fonts/fontawesome-webfont3e6e.woff]
[yaletown.tech/vendor/font-awesome/fonts/fontawesome-webfont3e6e.ttf]
[yaletown.tech/vendor/font-awesome/css/font-awesome.min.css]
[yaletown.tech/img/header.jpg]
[yaletown.tech/css/creative.min.css]
[yaletown.tech/vendor/font-awesome/fonts/fontawesome-webfont3e6e.svg]
